Start testing: Mar 21 19:05 EDT
----------------------------------------------------------
1/1 Testing: unitLibTest
1/1 Test: unitLibTest
Command: "/home/nholthaus/workspace/units/cov/unitTests/unitLibTest"
Directory: /home/nholthaus/workspace/units/cov/unitTests
"unitLibTest" start time: Mar 21 19:05 EDT
Output:
----------------------------------------------------------
[==========] Running 95 tests from 1 test case.
[----------] Global test environment set-up.
[----------] 95 tests from UnitTest
[ RUN      ] UnitTest.isRatio
[       OK ] UnitTest.isRatio (0 ms)
[ RUN      ] UnitTest.isUnit
[       OK ] UnitTest.isUnit (0 ms)
[ RUN      ] UnitTest.unitTraits
[       OK ] UnitTest.unitTraits (0 ms)
[ RUN      ] UnitTest.areConvertibleUnitsLength
[       OK ] UnitTest.areConvertibleUnitsLength (0 ms)
[ RUN      ] UnitTest.areConvertibleUnitsTime
[       OK ] UnitTest.areConvertibleUnitsTime (0 ms)
[ RUN      ] UnitTest.inverseUnits
[       OK ] UnitTest.inverseUnits (0 ms)
[ RUN      ] UnitTest.baseUnitOf
[       OK ] UnitTest.baseUnitOf (0 ms)
[ RUN      ] UnitTest.hasLinearScale
[       OK ] UnitTest.hasLinearScale (0 ms)
[ RUN      ] UnitTest.hasDecibelScale
[       OK ] UnitTest.hasDecibelScale (0 ms)
[ RUN      ] UnitTest.isSameScale
[       OK ] UnitTest.isSameScale (0 ms)
[ RUN      ] UnitTest.isScalarUnit
[       OK ] UnitTest.isScalarUnit (0 ms)
[ RUN      ] UnitTest.isLengthUnit
[       OK ] UnitTest.isLengthUnit (0 ms)
[ RUN      ] UnitTest.ismass_unit
[       OK ] UnitTest.ismass_unit (0 ms)
[ RUN      ] UnitTest.istime_unit
[       OK ] UnitTest.istime_unit (0 ms)
[ RUN      ] UnitTest.isangle_unit
[       OK ] UnitTest.isangle_unit (0 ms)
[ RUN      ] UnitTest.iscurrent_unit
[       OK ] UnitTest.iscurrent_unit (0 ms)
[ RUN      ] UnitTest.istemperature_unit
[       OK ] UnitTest.istemperature_unit (0 ms)
[ RUN      ] UnitTest.issubstance_unit
[       OK ] UnitTest.issubstance_unit (0 ms)
[ RUN      ] UnitTest.isluminous_intensity_unit
[       OK ] UnitTest.isluminous_intensity_unit (0 ms)
[ RUN      ] UnitTest.issolid_angle_unit
[       OK ] UnitTest.issolid_angle_unit (0 ms)
[ RUN      ] UnitTest.isfrequency_unit
[       OK ] UnitTest.isfrequency_unit (0 ms)
[ RUN      ] UnitTest.isvelocity_unit
[       OK ] UnitTest.isvelocity_unit (0 ms)
[ RUN      ] UnitTest.isacceleration_unit
[       OK ] UnitTest.isacceleration_unit (0 ms)
[ RUN      ] UnitTest.isforce_unit
[       OK ] UnitTest.isforce_unit (0 ms)
[ RUN      ] UnitTest.ispressure_unit
[       OK ] UnitTest.ispressure_unit (0 ms)
[ RUN      ] UnitTest.ischarge_unit
[       OK ] UnitTest.ischarge_unit (0 ms)
[ RUN      ] UnitTest.isenergy_unit
[       OK ] UnitTest.isenergy_unit (0 ms)
[ RUN      ] UnitTest.ispower_unit
[       OK ] UnitTest.ispower_unit (0 ms)
[ RUN      ] UnitTest.isvoltage_unit
[       OK ] UnitTest.isvoltage_unit (0 ms)
[ RUN      ] UnitTest.iscapacitance_unit
[       OK ] UnitTest.iscapacitance_unit (0 ms)
[ RUN      ] UnitTest.isimpedance_unit
[       OK ] UnitTest.isimpedance_unit (0 ms)
[ RUN      ] UnitTest.isconductance_unit
[       OK ] UnitTest.isconductance_unit (0 ms)
[ RUN      ] UnitTest.ismagnetic_flux_unit
[       OK ] UnitTest.ismagnetic_flux_unit (0 ms)
[ RUN      ] UnitTest.ismagnetic_field_strength_unit
[       OK ] UnitTest.ismagnetic_field_strength_unit (0 ms)
[ RUN      ] UnitTest.isinductance_unit
[       OK ] UnitTest.isinductance_unit (0 ms)
[ RUN      ] UnitTest.isluminous_flux_unit
[       OK ] UnitTest.isluminous_flux_unit (0 ms)
[ RUN      ] UnitTest.isilluminance_unit
[       OK ] UnitTest.isilluminance_unit (0 ms)
[ RUN      ] UnitTest.isradioactivity_unit
[       OK ] UnitTest.isradioactivity_unit (0 ms)
[ RUN      ] UnitTest.istorque_unit
[       OK ] UnitTest.istorque_unit (0 ms)
[ RUN      ] UnitTest.isarea_unit
[       OK ] UnitTest.isarea_unit (0 ms)
[ RUN      ] UnitTest.isvolume_unit
[       OK ] UnitTest.isvolume_unit (0 ms)
[ RUN      ] UnitTest.isdensity_unit
[       OK ] UnitTest.isdensity_unit (0 ms)
[ RUN      ] UnitTest.squared
[       OK ] UnitTest.squared (0 ms)
[ RUN      ] UnitTest.cubed
[       OK ] UnitTest.cubed (0 ms)
[ RUN      ] UnitTest.compoundUnits
[       OK ] UnitTest.compoundUnits (0 ms)
[ RUN      ] UnitTest.dimensionalAnalysis
[       OK ] UnitTest.dimensionalAnalysis (0 ms)
[ RUN      ] UnitTest.hasValueMember
[       OK ] UnitTest.hasValueMember (0 ms)
[ RUN      ] UnitTest.unitTypeAddition
[       OK ] UnitTest.unitTypeAddition (0 ms)
[ RUN      ] UnitTest.unitTypeSubtraction
[       OK ] UnitTest.unitTypeSubtraction (0 ms)
[ RUN      ] UnitTest.unitTypeMultiplication
[       OK ] UnitTest.unitTypeMultiplication (0 ms)
[ RUN      ] UnitTest.unitTypeMixedUnitMultiplication
[       OK ] UnitTest.unitTypeMixedUnitMultiplication (1 ms)
[ RUN      ] UnitTest.unitTypeScalarMultiplication
[       OK ] UnitTest.unitTypeScalarMultiplication (0 ms)
[ RUN      ] UnitTest.unitTypeDivision
[       OK ] UnitTest.unitTypeDivision (0 ms)
[ RUN      ] UnitTest.scalarTypeImplicitConversion
[       OK ] UnitTest.scalarTypeImplicitConversion (0 ms)
[ RUN      ] UnitTest.valueMethod
[       OK ] UnitTest.valueMethod (0 ms)
[ RUN      ] UnitTest.convertMethod
[       OK ] UnitTest.convertMethod (0 ms)
[ RUN      ] UnitTest.unitPowers
[       OK ] UnitTest.unitPowers (0 ms)
[ RUN      ] UnitTest.dBConversion
[       OK ] UnitTest.dBConversion (0 ms)
[ RUN      ] UnitTest.dBAddition
[       OK ] UnitTest.dBAddition (0 ms)
[ RUN      ] UnitTest.dBSubtraction
[       OK ] UnitTest.dBSubtraction (0 ms)
[ RUN      ] UnitTest.lengthConversion
[       OK ] UnitTest.lengthConversion (0 ms)
[ RUN      ] UnitTest.massConversion
[       OK ] UnitTest.massConversion (0 ms)
[ RUN      ] UnitTest.timeConversion
[       OK ] UnitTest.timeConversion (0 ms)
[ RUN      ] UnitTest.angleConversionFactors
[       OK ] UnitTest.angleConversionFactors (0 ms)
[ RUN      ] UnitTest.currentConversion
[       OK ] UnitTest.currentConversion (0 ms)
[ RUN      ] UnitTest.temperature
[       OK ] UnitTest.temperature (0 ms)
[ RUN      ] UnitTest.luminousIntensityConversion
[       OK ] UnitTest.luminousIntensityConversion (0 ms)
[ RUN      ] UnitTest.solidAngleConversion
[       OK ] UnitTest.solidAngleConversion (0 ms)
[ RUN      ] UnitTest.frequencyConversion
[       OK ] UnitTest.frequencyConversion (0 ms)
[ RUN      ] UnitTest.velocityConversion
[       OK ] UnitTest.velocityConversion (0 ms)
[ RUN      ] UnitTest.angularVelocityConversion
[       OK ] UnitTest.angularVelocityConversion (0 ms)
[ RUN      ] UnitTest.accelerationConversion
[       OK ] UnitTest.accelerationConversion (0 ms)
[ RUN      ] UnitTest.forceConversion
[       OK ] UnitTest.forceConversion (0 ms)
[ RUN      ] UnitTest.areaConversionFactors
[       OK ] UnitTest.areaConversionFactors (0 ms)
[ RUN      ] UnitTest.pressureConversion
[       OK ] UnitTest.pressureConversion (0 ms)
[ RUN      ] UnitTest.chargeConversion
[       OK ] UnitTest.chargeConversion (0 ms)
[ RUN      ] UnitTest.energyConversion
[       OK ] UnitTest.energyConversion (0 ms)
[ RUN      ] UnitTest.powerConversion
[       OK ] UnitTest.powerConversion (0 ms)
[ RUN      ] UnitTest.voltageConversion
[       OK ] UnitTest.voltageConversion (0 ms)
[ RUN      ] UnitTest.capacitanceConversion
[       OK ] UnitTest.capacitanceConversion (0 ms)
[ RUN      ] UnitTest.impedanceConversion
[       OK ] UnitTest.impedanceConversion (0 ms)
[ RUN      ] UnitTest.conductanceConversion
[       OK ] UnitTest.conductanceConversion (0 ms)
[ RUN      ] UnitTest.magneticFluxConversion
[       OK ] UnitTest.magneticFluxConversion (0 ms)
[ RUN      ] UnitTest.magneticFieldStrengthConversion
[       OK ] UnitTest.magneticFieldStrengthConversion (0 ms)
[ RUN      ] UnitTest.inductanceConversion
[       OK ] UnitTest.inductanceConversion (0 ms)
[ RUN      ] UnitTest.luminousFluxConversion
[       OK ] UnitTest.luminousFluxConversion (0 ms)
[ RUN      ] UnitTest.illuminanceConversion
[       OK ] UnitTest.illuminanceConversion (0 ms)
[ RUN      ] UnitTest.radiationConversion
[       OK ] UnitTest.radiationConversion (0 ms)
[ RUN      ] UnitTest.torqueConversions
[       OK ] UnitTest.torqueConversions (0 ms)
[ RUN      ] UnitTest.volumeConversion
[       OK ] UnitTest.volumeConversion (0 ms)
[ RUN      ] UnitTest.densityConversion
[       OK ] UnitTest.densityConversion (0 ms)
[ RUN      ] UnitTest.concentrationConversion
[       OK ] UnitTest.concentrationConversion (0 ms)
[ RUN      ] UnitTest.testConstants
[       OK ] UnitTest.testConstants (0 ms)
[ RUN      ] UnitTest.cout
[       OK ] UnitTest.cout (0 ms)
[ RUN      ] UnitTest.radarRangeEquation
[       OK ] UnitTest.radarRangeEquation (0 ms)
[----------] 95 tests from UnitTest (1 ms total)

[----------] Global test environment tear-down
[==========] 95 tests from 1 test case ran. (1 ms total)
[  PASSED  ] 95 tests.
<end of output>
Test time =   0.01 sec
----------------------------------------------------------
Test Passed.
"unitLibTest" end time: Mar 21 19:05 EDT
"unitLibTest" time elapsed: 00:00:00
----------------------------------------------------------

End testing: Mar 21 19:05 EDT
